# V2FREE 自动签到脚本 版本: 1.0
[2023-10-29 23:48:18,285] [INFO] j******@q*.com 您似乎已经签到过了...
[2023-10-29 23:48:20,003] [INFO] j******@o******.com 您似乎已经签到过了...
[2023-10-30 03:19:30,790] [INFO] j******@q*.com 您似乎已经签到过了...
[2023-10-30 03:19:32,070] [INFO] j******@o******.com 您似乎已经签到过了...
[2023-10-31 00:55:34,027] [INFO] j******@q*.com 获得了 366MB 流量.
[2023-10-31 00:55:35,612] [INFO] j******@o******.com 获得了 416MB 流量.
[2023-10-31 03:18:55,796] [INFO] j******@q*.com 您似乎已经签到过了...
[2023-10-31 03:18:57,305] [INFO] j******@o******.com 您似乎已经签到过了...
[2023-11-01 03:19:28,476] [INFO] j******@q*.com 获得了 435MB 流量.
[2023-11-01 03:19:29,883] [INFO] j******@o******.com 获得了 331MB 流量.
[2023-11-02 03:19:14,841] [INFO] j******@q*.com 获得了 424MB 流量.
[2023-11-02 03:19:16,451] [INFO] j******@o******.com 获得了 353MB 流量.
[2023-11-03 03:18:58,009] [INFO] j******@q*.com 获得了 333MB 流量.
[2023-11-03 03:18:59,504] [INFO] j******@o******.com 获得了 465MB 流量.
[2023-11-04 03:18:56,309] [INFO] j******@q*.com 获得了 309MB 流量.
[2023-11-04 03:18:57,486] [INFO] j******@o******.com 获得了 425MB 流量.
[2023-11-05 03:20:36,307] [INFO] j******@q*.com 获得了 389MB 流量.
[2023-11-05 03:20:37,606] [INFO] j******@o******.com 获得了 467MB 流量.
[2023-11-06 03:19:43,677] [INFO] j******@q*.com 获得了 345MB 流量.
[2023-11-06 03:19:45,269] [INFO] j******@o******.com 获得了 356MB 流量.
[2023-11-07 03:19:02,275] [INFO] j******@q*.com 获得了 347MB 流量.
[2023-11-07 03:19:04,001] [INFO] j******@o******.com 获得了 426MB 流量.
[2023-11-08 03:19:18,502] [INFO] j******@q*.com 获得了 426MB 流量.
[2023-11-08 03:19:20,014] [INFO] j******@o******.com 获得了 359MB 流量.
